<?xml version="1.0" encoding="UTF-8"?>
<!-- Generated by org.testng.reporters.JUnitXMLReporter -->
<testsuite hostname="Chandan-PC" ignored="0" name="Set a Tour" tests="8" failures="1" timestamp="07 Jan 2021 16:39:16 GMT" time="32.993" errors="0">
  <testcase name="validateTestApplication" time="0.018" classname="Academy.TestLauncher"/>
  <testcase name="launchLoginPage" time="2.865" classname="Academy.TestLauncher"/>
  <testcase name="testLogin" time="1.015" classname="Academy.TestLauncher"/>
  <testcase name="naviagateToRoutePlannerPage" time="2.851" classname="Academy.TestLauncher"/>
  <testcase name="setDestinationPoint" time="4.866" classname="Academy.TestLauncher"/>
  <testcase name="setStartPoint" time="1.021" classname="Academy.TestLauncher"/>
  <testcase name="setSaveTour" time="6.134" classname="Academy.TestLauncher"/>
  <testcase name="userLogout" time="1.588" classname="Academy.TestLauncher">
    <failure type="java.lang.AssertionError">
      <![CDATA[java.lang.AssertionError
at org.junit.Assert.fail(Assert.java:86)
at org.junit.Assert.assertTrue(Assert.java:41)
at org.junit.Assert.assertTrue(Assert.java:52)
at Academy.TestLauncher.userLogout(TestLauncher.java:113)
... Removed 25 stack frames]]>
    </failure>
  </testcase> <!-- userLogout -->
</testsuite> <!-- Set a Tour -->
